<?xml version="1.0" encoding="UTF-8"?>
<testng-results ignored="0" total="2" passed="2" failed="0" skipped="0">
  <reporter-output>
  </reporter-output>
  <suite started-at="2024-09-24T01:31:26 EET" name="Default suite" finished-at="2024-09-24T01:31:39 EET" duration-ms="13172">
    <groups>
    </groups>
    <test started-at="2024-09-24T01:31:26 EET" name="Default test" finished-at="2024-09-24T01:31:39 EET" duration-ms="13172">
      <class name="ClassTwo">
        <test-method is-config="true" signature="setup()[pri:0, instance:ClassTwo@1ce61929]" started-at="2024-09-24T01:31:26 EET" name="setup" finished-at="2024-09-24T01:31:27 EET" duration-ms="898" status="PASS">
          <reporter-output>
          </reporter-output>
        </test-method> <!-- setup -->
        <test-method signature="pub()[pri:0, instance:ClassTwo@1ce61929]" started-at="2024-09-24T01:31:27 EET" name="pub" finished-at="2024-09-24T01:31:33 EET" duration-ms="6106" status="PASS">
          <reporter-output>
          </reporter-output>
        </test-method> <!-- pub -->
        <test-method signature="pubb()[pri:0, instance:ClassTwo@1ce61929]" started-at="2024-09-24T01:31:33 EET" name="pubb" finished-at="2024-09-24T01:31:39 EET" duration-ms="6051" status="PASS">
          <reporter-output>
          </reporter-output>
        </test-method> <!-- pubb -->
        <test-method is-config="true" signature="pu()[pri:0, instance:ClassTwo@1ce61929]" started-at="2024-09-24T01:31:39 EET" name="pu" finished-at="2024-09-24T01:31:39 EET" duration-ms="0" status="PASS">
          <reporter-output>
          </reporter-output>
        </test-method> <!-- pu -->
      </class> <!-- ClassTwo -->
    </test> <!-- Default test -->
  </suite> <!-- Default suite -->
</testng-results>
